<?xml version="1.0" encoding="UTF-8"?>
<testsuite xmlns:xsi="http://www.w3.org/2001/XMLSchema-instance" xsi:noNamespaceSchemaLocation="https://maven.apache.org/surefire/maven-surefire-plugin/xsd/surefire-test-report.xsd" name="com.crm.CrmApplicationTests" time="2.069" tests="15" errors="0" skipped="0" failures="0">
  <properties>
[...]
</properties>
  <testcase name="testListAll" classname="com.crm.CrmApplicationTests" time="0.288"/>
  <testcase name="testGetById" classname="com.crm.CrmApplicationTests" time="0.004"/>
  <testcase name="testGetByIdNotFound" classname="com.crm.CrmApplicationTests" time="0.002"/>
  <testcase name="testCreate" classname="com.crm.CrmApplicationTests" time="0.012"/>
  <testcase name="testFilterByStatus" classname="com.crm.CrmApplicationTests" time="0.011"/>
  <testcase name="testSearchByKeyword" classname="com.crm.CrmApplicationTests" time="0.012"/>
  <testcase name="testFilterByCountry" classname="com.crm.CrmApplicationTests" time="0.009"/>
  <testcase name="testUpdate" classname="com.crm.CrmApplicationTests" time="0.009"/>
  <testcase name="testUpdateNotFound" classname="com.crm.CrmApplicationTests" time="0.002"/>
  <testcase name="testPagination" classname="com.crm.CrmApplicationTests" time="0.005"/>
  <testcase name="testGetCustomerTypes" classname="com.crm.CrmApplicationTests" time="0.001"/>
  <testcase name="testShareList" classname="com.crm.CrmApplicationTests" time="0.006"/>
  <testcase name="testDelete" classname="com.crm.CrmApplicationTests" time="0.007"/>
  <testcase name="testDeleteNotFound" classname="com.crm.CrmApplicationTests" time="0.002"/>
  <testcase name="testQueryAllAfterDelete" classname="com.crm.CrmApplicationTests" time="0.008"/>
</testsuite>